1747400824: mosquitto version 2.0.18 starting
1747400824: Config loaded from /mosquitto/config/mosquitto.conf.
1747400824: Opening ipv4 listen socket on port 1883.
1747400824: Opening ipv6 listen socket on port 1883.
1747400824: Opening websockets listen socket on port 9001.
1747400824: mosquitto version 2.0.18 running
1747400825: New connection from 172.18.0.5:56398 on port 1883.
1747400825: New client connected from 172.18.0.5:56398 as sensor_tracking_server (p2, c1, k60).
1747400825: No will message specified.
1747400825: Sending CONNACK to sensor_tracking_server (0, 0)
1747400825: Received SUBSCRIBE from sensor_tracking_server
1747400825: 	sensors/+/data (QoS 0)
1747400825: sensor_tracking_server 0 sensors/+/data
1747400825: Sending SUBACK to sensor_tracking_server
1747400825: Received SUBSCRIBE from sensor_tracking_server
1747400825: 	sensors/+/status (QoS 0)
1747400825: sensor_tracking_server 0 sensors/+/status
1747400825: Sending SUBACK to sensor_tracking_server
1747400885: Received PINGREQ from sensor_tracking_server
1747400885: Sending PINGRESP to sensor_tracking_server
1747400945: Received PINGREQ from sensor_tracking_server
1747400945: Sending PINGRESP to sensor_tracking_server
1747401005: Received PINGREQ from sensor_tracking_server
1747401005: Sending PINGRESP to sensor_tracking_server
1747401020: Client sensor_tracking_server closed its connection.
1747401021: mosquitto version 2.0.18 terminating
1747401021: Saving in-memory database to /mosquitto/data//mosquitto.db.
1747401144: mosquitto version 2.0.18 starting
1747401144: Config loaded from /mosquitto/config/mosquitto.conf.
1747401144: Opening ipv4 listen socket on port 1883.
1747401144: Opening ipv6 listen socket on port 1883.
1747401144: Opening websockets listen socket on port 9001.
1747401144: mosquitto version 2.0.18 running
1747401146: New connection from 172.18.0.5:47670 on port 1883.
1747401146: New client connected from 172.18.0.5:47670 as sensor_tracking_server (p2, c1, k60).
1747401146: No will message specified.
1747401146: Sending CONNACK to sensor_tracking_server (0, 0)
1747401146: Received SUBSCRIBE from sensor_tracking_server
1747401146: 	sensors/+/data (QoS 0)
1747401146: sensor_tracking_server 0 sensors/+/data
1747401146: Sending SUBACK to sensor_tracking_server
1747401146: Received SUBSCRIBE from sensor_tracking_server
1747401146: 	sensors/+/status (QoS 0)
1747401146: sensor_tracking_server 0 sensors/+/status
1747401146: Sending SUBACK to sensor_tracking_server
1747401206: Received PINGREQ from sensor_tracking_server
1747401206: Sending PINGRESP to sensor_tracking_server
1747401266: Received PINGREQ from sensor_tracking_server
1747401266: Sending PINGRESP to sensor_tracking_server
1747401326: Received PINGREQ from sensor_tracking_server
1747401326: Sending PINGRESP to sensor_tracking_server
1747401386: Received PINGREQ from sensor_tracking_server
1747401386: Sending PINGRESP to sensor_tracking_server
1747401446: Received PINGREQ from sensor_tracking_server
1747401446: Sending PINGRESP to sensor_tracking_server
1747401506: Received PINGREQ from sensor_tracking_server
1747401506: Sending PINGRESP to sensor_tracking_server
1747401566: Received PINGREQ from sensor_tracking_server
1747401566: Sending PINGRESP to sensor_tracking_server
1747401626: Received PINGREQ from sensor_tracking_server
1747401626: Sending PINGRESP to sensor_tracking_server
1747401686: Received PINGREQ from sensor_tracking_server
1747401686: Sending PINGRESP to sensor_tracking_server
1747401144: mosquitto versi1747402026: mosquitto version 2.0.18 starting
1747402026: Config loaded from /mosquitto/config/mosquitto.conf.
1747402026: Opening ipv4 listen socket on port 1883.
1747402026: Opening ipv6 listen socket on port 1883.
1747402026: Opening websockets listen socket on port 9001.
1747402026: mosquitto version 2.0.18 running
1747402030: New connection from 172.18.0.5:60932 on port 1883.
1747402030: New client connected from 172.18.0.5:60932 as sensor_tracking_server (p2, c1, k60).
1747402030: No will message specified.
1747402030: Sending CONNACK to sensor_tracking_server (0, 0)
1747402030: Received SUBSCRIBE from sensor_tracking_server
1747402030: 	sensors/+/data (QoS 0)
1747402030: sensor_tracking_server 0 sensors/+/data
1747402030: Sending SUBACK to sensor_tracking_server
1747402030: Received SUBSCRIBE from sensor_tracking_server
1747402030: 	sensors/+/status (QoS 0)
1747402030: sensor_tracking_server 0 sensors/+/status
1747402030: Sending SUBACK to sensor_tracking_server
1747402090: Received PINGREQ from sensor_tracking_server
1747402090: Sending PINGRESP to sensor_tracking_server
1747402150: Received PINGREQ from sensor_tracking_server
1747402150: Sending PINGRESP to sensor_tracking_server
1747402210: Received PINGREQ from sensor_tracking_server
1747402210: Sending PINGRESP to sensor_tracking_server
1747402270: Received PINGREQ from sensor_tracking_server
1747402270: Sending PINGRESP to sensor_tracking_server
1747402311: Client sensor_tracking_server closed its connection.
1747402311: mosquitto version 2.0.18 terminating
1747402311: Saving in-memory database to /mosquitto/data//mosquitto.db.
1747402339: mosquitto version 2.0.18 starting
1747402339: Config loaded from /mosquitto/config/mosquitto.conf.
1747402339: Opening ipv4 listen socket on port 1883.
1747402339: Opening ipv6 listen socket on port 1883.
1747402339: Opening websockets listen socket on port 9001.
1747402339: mosquitto version 2.0.18 running
1747402340: New connection from 172.18.0.5:44708 on port 1883.
1747402340: New client connected from 172.18.0.5:44708 as sensor_tracking_server (p2, c1, k60).
1747402340: No will message specified.
1747402340: Sending CONNACK to sensor_tracking_server (0, 0)
1747402340: Received SUBSCRIBE from sensor_tracking_server
1747402340: 	sensors/+/data (QoS 0)
1747402340: sensor_tracking_server 0 sensors/+/data
1747402340: Sending SUBACK to sensor_tracking_server
1747402340: Received SUBSCRIBE from sensor_tracking_server
1747402340: 	sensors/+/status (QoS 0)
1747402340: sensor_tracking_server 0 sensors/+/status
1747402340: Sending SUBACK to sensor_tracking_server
1747402400: Received PINGREQ from sensor_tracking_server
1747402400: Sending PINGRESP to sensor_tracking_server
1747402460: Received PINGREQ from sensor_tracking_server
1747402460: Sending PINGRESP to sensor_tracking_server
1747402520: Received PINGREQ from sensor_tracking_server
1747402520: Sending PINGRESP to sensor_tracking_server
1747402580: Received PINGREQ from sensor_tracking_server
1747402580: Sending PINGRESP to sensor_tracking_server
1747402640: Received PINGREQ from sensor_tracking_server
1747402640: Sending PINGRESP to sensor_tracking_server
1747402700: Received PINGREQ from sensor_tracking_server
1747402700: Sending PINGRESP to sensor_tracking_server
1747402758: New connection from ::1:41930 on port 1883.
1747402758: New client connected from ::1:41930 as auto-43A5851C-8228-C997-06A5-438BA179D451 (p2, c1, k60).
1747402758: No will message specified.
1747402758: Sending CONNACK to auto-43A5851C-8228-C997-06A5-438BA179D451 (0, 0)
1747402758: Received PUBLISH from auto-43A5851C-8228-C997-06A5-438BA179D451 (d0, q0, r0, m0, 'sensors/sensor1/status', ... (71 bytes))
1747402758: Sending PUBLISH to sensor_tracking_server (d0, q0, r0, m0, 'sensors/sensor1/status', ... (71 bytes))
1747402758: Received DISCONNECT from auto-43A5851C-8228-C997-06A5-438BA179D451
1747402758: Client auto-43A5851C-8228-C997-06A5-438BA179D451 disconnected.
1747402760: Received PINGREQ from sensor_tracking_server
1747402760: Sending PINGRESP to sensor_tracking_server
1747402820: Received PINGREQ from sensor_tracking_server
1747402820: Sending PINGRESP to sensor_tracking_server
1747402833: New connection from ::1:60352 on port 1883.
1747402833: New client connected from ::1:60352 as auto-3C507701-9ACB-EC04-80EB-DCC2A31F9D4B (p2, c1, k60).
1747402833: No will message specified.
1747402833: Sending CONNACK to auto-3C507701-9ACB-EC04-80EB-DCC2A31F9D4B (0, 0)
1747402833: Received PUBLISH from auto-3C507701-9ACB-EC04-80EB-DCC2A31F9D4B (d0, q0, r0, m0, 'sensors/sensor1/status', ... (71 bytes))
1747402833: Sending PUBLISH to sensor_tracking_server (d0, q0, r0, m0, 'sensors/sensor1/status', ... (71 bytes))
1747402833: Received DISCONNECT from auto-3C507701-9ACB-EC04-80EB-DCC2A31F9D4B
1747402833: Client auto-3C507701-9ACB-EC04-80EB-DCC2A31F9D4B disconnected.
1747402880: Received PINGREQ from sensor_tracking_server
1747402880: Sending PINGRESP to sensor_tracking_server
1747402922: New connection from ::1:36156 on port 1883.
1747402922: New client connected from ::1:36156 as auto-7EEC8593-6285-AF3A-ED48-B503AC955EA7 (p2, c1, k60).
1747402922: No will message specified.
1747402922: Sending CONNACK to auto-7EEC8593-6285-AF3A-ED48-B503AC955EA7 (0, 0)
1747402922: Received PUBLISH from auto-7EEC8593-6285-AF3A-ED48-B503AC955EA7 (d0, q0, r0, m0, 'sensors/sensor1/status', ... (81 bytes))
1747402922: Sending PUBLISH to sensor_tracking_server (d0, q0, r0, m0, 'sensors/sensor1/status', ... (81 bytes))
1747402922: Received DISCONNECT from auto-7EEC8593-6285-AF3A-ED48-B503AC955EA7
1747402922: Client auto-7EEC8593-6285-AF3A-ED48-B503AC955EA7 disconnected.
1747402940: Received PINGREQ from sensor_tracking_server
1747402940: Sending PINGRESP to sensor_tracking_server
1747403000: Received PINGREQ from sensor_tracking_server
1747403000: Sending PINGRESP to sensor_tracking_server
1747403060: Received PINGREQ from sensor_tracking_server
1747403060: Sending PINGRESP to sensor_tracking_server
1747403120: Received PINGREQ from sensor_tracking_server
1747403120: Sending PINGRESP to sensor_tracking_server
1747403180: Received PINGREQ from sensor_tracking_server
1747403180: Sending PINGRESP to sensor_tracking_server
1747403240: Received PINGREQ from sensor_tracking_server
1747403240: Sending PINGRESP to sensor_tracking_server
1747403300: Received PINGREQ from sensor_tracking_server
1747403300: Sending PINGRESP to sensor_tracking_server
1747403361: Received PINGREQ from sensor_tracking_server
1747403361: Sending PINGRESP to sensor_tracking_server
1747403421: Received PINGREQ from sensor_tracking_server
1747403421: Sending PINGRESP to sensor_tracking_server
1747403481: Received PINGREQ from sensor_tracking_server
1747403481: Sending PINGRESP to sensor_tracking_server
1747403541: Received PINGREQ from sensor_tracking_server
1747403541: Sending PINGRESP to sensor_tracking_server
1747403601: Received PINGREQ from sensor_tracking_server
1747403601: Sending PINGRESP to sensor_tracking_server
1747403661: Received PINGREQ from sensor_tracking_server
1747403661: Sending PINGRESP to sensor_tracking_server
1747403721: Received PINGREQ from sensor_tracking_server
1747403721: Sending PINGRESP to sensor_tracking_server
1747403740: Client sensor_tracking_server closed its connection.
1747403741: mosquitto version 2.0.18 terminating
1747403741: Saving in-memory database to /mosquitto/data//mosquitto.db.
1747403749: mosquitto version 2.0.18 starting
1747403749: Config loaded from /mosquitto/config/mosquitto.conf.
1747403749: Opening ipv4 listen socket on port 1883.
1747403749: Opening ipv6 listen socket on port 1883.
1747403749: Opening websockets listen socket on port 9001.
1747403749: mosquitto version 2.0.18 running
1747403751: New connection from 172.18.0.5:40628 on port 1883.
1747403751: New client connected from 172.18.0.5:40628 as sensor_tracking_server (p2, c1, k60).
1747403751: No will message specified.
1747403751: Sending CONNACK to sensor_tracking_server (0, 0)
1747403751: Received SUBSCRIBE from sensor_tracking_server
1747403751: 	sensors/+/data (QoS 0)
1747403751: sensor_tracking_server 0 sensors/+/data
1747403751: Sending SUBACK to sensor_tracking_server
1747403751: Received SUBSCRIBE from sensor_tracking_server
1747403751: 	sensors/+/status (QoS 0)
1747403751: sensor_tracking_server 0 sensors/+/status
1747403751: Sending SUBACK to sensor_tracking_server
1747403811: Received PINGREQ from sensor_tracking_server
1747403811: Sending PINGRESP to sensor_tracking_server
1747403864: Client sensor_tracking_server closed its connection.
1747403864: mosquitto version 2.0.18 terminating
1747403864: Saving in-memory database to /mosquitto/data//mosquitto.db.
1747403874: mosquitto version 2.0.18 starting
1747403874: Config loaded from /mosquitto/config/mosquitto.conf.
1747403874: Opening ipv4 listen socket on port 1883.
1747403874: Opening ipv6 listen socket on port 1883.
1747403874: Opening websockets listen socket on port 9001.
1747403874: mosquitto version 2.0.18 running
1747403876: New connection from 172.18.0.5:60016 on port 1883.
1747403876: New client connected from 172.18.0.5:60016 as sensor_tracking_server (p2, c1, k60).
1747403876: No will message specified.
1747403876: Sending CONNACK to sensor_tracking_server (0, 0)
1747403876: Received SUBSCRIBE from sensor_tracking_server
1747403876: 	sensors/+/data (QoS 0)
1747403876: sensor_tracking_server 0 sensors/+/data
1747403876: Sending SUBACK to sensor_tracking_server
1747403876: Received SUBSCRIBE from sensor_tracking_server
1747403876: 	sensors/+/status (QoS 0)
1747403876: sensor_tracking_server 0 sensors/+/status
1747403876: Sending SUBACK to sensor_tracking_server
1747403936: Received PINGREQ from sensor_tracking_server
1747403936: Sending PINGRESP to sensor_tracking_server
1747403996: Received PINGREQ from sensor_tracking_server
1747403996: Sending PINGRESP to sensor_tracking_server
1747404056: Received PINGREQ from sensor_tracking_server
1747404056: Sending PINGRESP to sensor_tracking_server
1747404116: Received PINGREQ from sensor_tracking_server
1747404116: Sending PINGRESP to sensor_tracking_server
1747404170: Client sensor_tracking_server closed its connection.
1747404171: mosquitto version 2.0.18 terminating
1747404171: Saving in-memory database to /mosquitto/data//mosquitto.db.
1747404188: mosquitto version 2.0.18 starting
1747404188: Config loaded from /mosquitto/config/mosquitto.conf.
1747404188: Opening ipv4 listen socket on port 1883.
1747404188: Opening ipv6 listen socket on port 1883.
1747404188: Opening websockets listen socket on port 9001.
1747404188: mosquitto version 2.0.18 running
1747404190: New connection from 172.18.0.5:58130 on port 1883.
1747404190: New client connected from 172.18.0.5:58130 as sensor_tracking_server (p2, c1, k60).
1747404190: No will message specified.
1747404190: Sending CONNACK to sensor_tracking_server (0, 0)
1747404190: Received SUBSCRIBE from sensor_tracking_server
1747404190: 	sensors/+/data (QoS 0)
1747404190: sensor_tracking_server 0 sensors/+/data
1747404190: Sending SUBACK to sensor_tracking_server
1747404190: Received SUBSCRIBE from sensor_tracking_server
1747404190: 	sensors/+/status (QoS 0)
1747404190: sensor_tracking_server 0 sensors/+/status
1747404190: Sending SUBACK to sensor_tracking_server
1747404250: Received PINGREQ from sensor_tracking_server
1747404250: Sending PINGRESP to sensor_tracking_server
1747404255: Client sensor_tracking_server closed its connection.
1747404255: mosquitto version 2.0.18 terminating
1747404255: Saving in-memory database to /mosquitto/data//mosquitto.db.
1747404263: mosquitto version 2.0.18 starting
1747404263: Config loaded from /mosquitto/config/mosquitto.conf.
1747404263: Opening ipv4 listen socket on port 1883.
1747404263: Opening ipv6 listen socket on port 1883.
1747404263: Opening websockets listen socket on port 9001.
1747404263: mosquitto version 2.0.18 running
1747404267: New connection from 172.18.0.5:59792 on port 1883.
1747404267: New client connected from 172.18.0.5:59792 as sensor_tracking_server (p2, c1, k60).
1747404267: No will message specified.
1747404267: Sending CONNACK to sensor_tracking_server (0, 0)
1747404267: Received SUBSCRIBE from sensor_tracking_server
1747404267: 	sensors/+/data (QoS 0)
1747404267: sensor_tracking_server 0 sensors/+/data
1747404267: Sending SUBACK to sensor_tracking_server
1747404267: Received SUBSCRIBE from sensor_tracking_server
1747404267: 	sensors/+/status (QoS 0)
1747404267: sensor_tracking_server 0 sensors/+/status
1747404267: Sending SUBACK to sensor_tracking_server
1747404327: Received PINGREQ from sensor_tracking_server
1747404327: Sending PINGRESP to sensor_tracking_server
1747404387: Received PINGREQ from sensor_tracking_server
1747404387: Sending PINGRESP to sensor_tracking_server
1747404447: Received PINGREQ from sensor_tracking_server
1747404447: Sending PINGRESP to sensor_tracking_server
1747404496: Client sensor_tracking_server closed its connection.
1747404497: mosquitto version 2.0.18 terminating
1747404497: Saving in-memory database to /mosquitto/data//mosquitto.db.
1747404501: mosquitto version 2.0.18 starting
1747404501: Config loaded from /mosquitto/config/mosquitto.conf.
1747404501: Opening ipv4 listen socket on port 1883.
1747404501: Opening ipv6 listen socket on port 1883.
1747404501: Opening websockets listen socket on port 9001.
1747404501: mosquitto version 2.0.18 running
1747404503: New connection from 172.18.0.5:54712 on port 1883.
1747404503: New client connected from 172.18.0.5:54712 as sensor_tracking_server (p2, c1, k60).
1747404503: No will message specified.
1747404503: Sending CONNACK to sensor_tracking_server (0, 0)
1747404503: Received SUBSCRIBE from sensor_tracking_server
1747404503: 	sensors/+/data (QoS 0)
1747404503: sensor_tracking_server 0 sensors/+/data
1747404503: Sending SUBACK to sensor_tracking_server
1747404503: Received SUBSCRIBE from sensor_tracking_server
1747404503: 	sensors/+/status (QoS 0)
1747404503: sensor_tracking_server 0 sensors/+/status
1747404503: Sending SUBACK to sensor_tracking_server
1747404563: Received PINGREQ from sensor_tracking_server
1747404563: Sending PINGRESP to sensor_tracking_server
1747404623: Received PINGREQ from sensor_tracking_server
1747404623: Sending PINGRESP to sensor_tracking_server
1747404683: Received PINGREQ from sensor_tracking_server
1747404683: Sending PINGRESP to sensor_tracking_server
1747404743: Received PINGREQ from sensor_tracking_server
1747404743: Sending PINGRESP to sensor_tracking_server
1747404764: Client sensor_tracking_server closed its connection.
1747404765: mosquitto version 2.0.18 terminating
1747404765: Saving in-memory database to /mosquitto/data//mosquitto.db.
1747404774: mosquitto version 2.0.18 starting
1747404774: Config loaded from /mosquitto/config/mosquitto.conf.
1747404774: Opening ipv4 listen socket on port 1883.
1747404774: Opening ipv6 listen socket on port 1883.
1747404774: Opening websockets listen socket on port 9001.
1747404774: mosquitto version 2.0.18 running
1747404776: New connection from 172.18.0.5:55454 on port 1883.
1747404776: New client connected from 172.18.0.5:55454 as sensor_tracking_server (p2, c1, k60).
1747404776: No will message specified.
1747404776: Sending CONNACK to sensor_tracking_server (0, 0)
1747404776: Received SUBSCRIBE from sensor_tracking_server
1747404776: 	sensors/+/data (QoS 0)
1747404776: sensor_tracking_server 0 sensors/+/data
1747404776: Sending SUBACK to sensor_tracking_server
1747404776: Received SUBSCRIBE from sensor_tracking_server
1747404776: 	sensors/+/status (QoS 0)
1747404776: sensor_tracking_server 0 sensors/+/status
1747404776: Sending SUBACK to sensor_tracking_server
1747404821: Client sensor_tracking_server closed its connection.
1747404822: mosquitto version 2.0.18 terminating
1747404822: Saving in-memory database to /mosquitto/data//mosquitto.db.
1747404851: mosquitto version 2.0.18 starting
1747404851: Config loaded from /mosquitto/config/mosquitto.conf.
1747404851: Opening ipv4 listen socket on port 1883.
1747404851: Opening ipv6 listen socket on port 1883.
1747404851: Opening websockets listen socket on port 9001.
1747404851: mosquitto version 2.0.18 running
1747404854: New connection from 172.18.0.5:38494 on port 1883.
1747404854: New client connected from 172.18.0.5:38494 as sensor_tracking_server (p2, c1, k60).
1747404854: No will message specified.
1747404854: Sending CONNACK to sensor_tracking_server (0, 0)
1747404854: Received SUBSCRIBE from sensor_tracking_server
1747404854: 	sensors/+/data (QoS 0)
1747404854: sensor_tracking_server 0 sensors/+/data
1747404854: Sending SUBACK to sensor_tracking_server
1747404854: Received SUBSCRIBE from sensor_tracking_server
1747404854: 	sensors/+/status (QoS 0)
1747404854: sensor_tracking_server 0 sensors/+/status
1747404854: Sending SUBACK to sensor_tracking_server
1747404914: Received PINGREQ from sensor_tracking_server
1747404914: Sending PINGRESP to sensor_tracking_server
1747404974: Received PINGREQ from sensor_tracking_server
1747404974: Sending PINGRESP to sensor_tracking_server
1747405034: Received PINGREQ from sensor_tracking_server
1747405034: Sending PINGRESP to sensor_tracking_server
1747405094: Received PINGREQ from sensor_tracking_server
1747405094: Sending PINGRESP to sensor_tracking_server
1747405154: Received PINGREQ from sensor_tracking_server
1747405154: Sending PINGRESP to sensor_tracking_server
1747405214: Received PINGREQ from sensor_tracking_server
1747405214: Sending PINGRESP to sensor_tracking_server
1747405274: Received PINGREQ from sensor_tracking_server
1747405274: Sending PINGRESP to sensor_tracking_server
1747405334: Received PINGREQ from sensor_tracking_server
1747405334: Sending PINGRESP to sensor_tracking_server
1747405394: Received PINGREQ from sensor_tracking_server
1747405394: Sending PINGRESP to sensor_tracking_server
1747405454: Received PINGREQ from sensor_tracking_server
1747405454: Sending PINGRESP to sensor_tracking_server
1747405514: Received PINGREQ from sensor_tracking_server
1747405514: Sending PINGRESP to sensor_tracking_server
1747405574: Received PINGREQ from sensor_tracking_server
1747405574: Sending PINGRESP to sensor_tracking_server
1747405634: Received PINGREQ from sensor_tracking_server
1747405634: Sending PINGRESP to sensor_tracking_server
1747405694: Received PINGREQ from sensor_tracking_server
1747405694: Sending PINGRESP to sensor_tracking_server
1747405754: Received PINGREQ from sensor_tracking_server
1747405754: Sending PINGRESP to sensor_tracking_server
1747405814: Received PINGREQ from sensor_tracking_server
1747405814: Sending PINGRESP to sensor_tracking_server
1747405874: Received PINGREQ from sensor_tracking_server
1747405874: Sending PINGRESP to sensor_tracking_server
1747405934: Received PINGREQ from sensor_tracking_server
1747405934: Sending PINGRESP to sensor_tracking_server
1747405964: Client sensor_tracking_server closed its connection.
1747405965: mosquitto version 2.0.18 terminating
1747405965: Saving in-memory database to /mosquitto/data//mosquitto.db.
1747406399: mosquitto version 2.0.18 starting
1747406399: Config loaded from /mosquitto/config/mosquitto.conf.
1747406399: Opening ipv4 listen socket on port 1883.
1747406399: Opening ipv6 listen socket on port 1883.
1747406399: Opening websockets listen socket on port 9001.
1747406399: mosquitto version 2.0.18 running
1747406412: mosquitto version 2.0.18 terminating
1747406412: Saving in-memory database to /mosquitto/data//mosquitto.db.
1749214076: mosquitto version 2.0.18 starting
1749214076: Config loaded from /mosquitto/config/mosquitto.conf.
1749214076: Opening ipv4 listen socket on port 1883.
1749214076: Opening ipv6 listen socket on port 1883.
1749214076: Opening websockets listen socket on port 9001.
1749214076: mosquitto version 2.0.18 running
1749214081: New connection from 172.19.0.5:49652 on port 1883.
1749214081: New client connected from 172.19.0.5:49652 as sensor_tracking_server (p2, c1, k60).
1749214081: No will message specified.
1749214081: Sending CONNACK to sensor_tracking_server (0, 0)
1749214081: Received SUBSCRIBE from sensor_tracking_server
1749214081: 	sensors/+/data (QoS 0)
1749214081: sensor_tracking_server 0 sensors/+/data
1749214081: Sending SUBACK to sensor_tracking_server
1749214081: Received SUBSCRIBE from sensor_tracking_server
1749214081: 	sensors/+/status (QoS 0)
1749214081: sensor_tracking_server 0 sensors/+/status
1749214081: Sending SUBACK to sensor_tracking_server
1749214141: Received PINGREQ from sensor_tracking_server
1749214141: Sending PINGRESP to sensor_tracking_server
1749214201: Received PINGREQ from sensor_tracking_server
1749214201: Sending PINGRESP to sensor_tracking_server
1749214261: Received PINGREQ from sensor_tracking_server
1749214261: Sending PINGRESP to sensor_tracking_server
1749214321: Received PINGREQ from sensor_tracking_server
1749214321: Sending PINGRESP to sensor_tracking_server
1749214324: Client sensor_tracking_server closed its connection.
1749214324: mosquitto version 2.0.18 terminating
1749214324: Saving in-memory database to /mosquitto/data//mosquitto.db.
1749214384: mosquitto version 2.0.18 starting
1749214384: Config loaded from /mosquitto/config/mosquitto.conf.
1749214384: Opening ipv4 listen socket on port 1883.
1749214384: Opening ipv6 listen socket on port 1883.
1749214384: Opening websockets listen socket on port 9001.
1749214384: mosquitto version 2.0.18 running
1749214386: New connection from 172.19.0.5:33786 on port 1883.
1749214386: New client connected from 172.19.0.5:33786 as sensor_tracking_server (p2, c1, k60).
1749214386: No will message specified.
1749214386: Sending CONNACK to sensor_tracking_server (0, 0)
1749214386: Received SUBSCRIBE from sensor_tracking_server
1749214386: 	sensors/+/data (QoS 0)
1749214386: sensor_tracking_server 0 sensors/+/data
1749214386: Sending SUBACK to sensor_tracking_server
1749214386: Received SUBSCRIBE from sensor_tracking_server
1749214386: 	sensors/+/status (QoS 0)
1749214386: sensor_tracking_server 0 sensors/+/status
1749214386: Sending SUBACK to sensor_tracking_server
1749214446: Received PINGREQ from sensor_tracking_server
1749214446: Sending PINGRESP to sensor_tracking_server
1749214506: Received PINGREQ from sensor_tracking_server
1749214506: Sending PINGRESP to sensor_tracking_server
1749214566: Received PINGREQ from sensor_tracking_server
1749214566: Sending PINGRESP to sensor_tracking_server
1749214626: Received PINGREQ from sensor_tracking_server
1749214626: Sending PINGRESP to sensor_tracking_server
1749214686: Received PINGREQ from sensor_tracking_server
1749214686: Sending PINGRESP to sensor_tracking_server
1749214746: Received PINGREQ from sensor_tracking_server
1749214746: Sending PINGRESP to sensor_tracking_server
1749214806: Received PINGREQ from sensor_tracking_server
1749214806: Sending PINGRESP to sensor_tracking_server
1749214866: Received PINGREQ from sensor_tracking_server
1749214866: Sending PINGRESP to sensor_tracking_server
1749214926: Received PINGREQ from sensor_tracking_server
1749214926: Sending PINGRESP to sensor_tracking_server
1749214986: Received PINGREQ from sensor_tracking_server
1749214986: Sending PINGRESP to sensor_tracking_server
1749215046: Received PINGREQ from sensor_tracking_server
1749215046: Sending PINGRESP to sensor_tracking_server
1749215106: Received PINGREQ from sensor_tracking_server
1749215106: Sending PINGRESP to sensor_tracking_server
1749215166: Received PINGREQ from sensor_tracking_server
1749215166: Sending PINGRESP to sensor_tracking_server
1749215226: Received PINGREQ from sensor_tracking_server
1749215226: Sending PINGRESP to sensor_tracking_server
1749215286: Received PINGREQ from sensor_tracking_server
1749215286: Sending PINGRESP to sensor_tracking_server
1749215346: Received PINGREQ from sensor_tracking_server
1749215346: Sending PINGRESP to sensor_tracking_server
1749215406: Received PINGREQ from sensor_tracking_server
1749215406: Sending PINGRESP to sensor_tracking_server
1749215466: Received PINGREQ from sensor_tracking_server
1749215466: Sending PINGRESP to sensor_tracking_server
1749215526: Received PINGREQ from sensor_tracking_server
1749215526: Sending PINGRESP to sensor_tracking_server
1749215586: Received PINGREQ from sensor_tracking_server
1749215586: Sending PINGRESP to sensor_tracking_server
1749215646: Received PINGREQ from sensor_tracking_server
1749215646: Sending PINGRESP to sensor_tracking_server
1749215706: Received PINGREQ from sensor_tracking_server
1749215706: Sending PINGRESP to sensor_tracking_server
1749215766: Received PINGREQ from sensor_tracking_server
1749215766: Sending PINGRESP to sensor_tracking_server
1749215826: Received PINGREQ from sensor_tracking_server
1749215826: Sending PINGRESP to sensor_tracking_server
1749215886: Received PINGREQ from sensor_tracking_server
1749215886: Sending PINGRESP to sensor_tracking_server
1749215946: Received PINGREQ from sensor_tracking_server
1749215946: Sending PINGRESP to sensor_tracking_server
1749216006: Received PINGREQ from sensor_tracking_server
1749216006: Sending PINGRESP to sensor_tracking_server
1749216066: Received PINGREQ from sensor_tracking_server
1749216066: Sending PINGRESP to sensor_tracking_server
1749216091: Client sensor_tracking_server closed its connection.
1749216092: mosquitto version 2.0.18 terminating
1749216092: Saving in-memory database to /mosquitto/data//mosquitto.db.
1749216664: mosquitto version 2.0.18 starting
1749216664: Config loaded from /mosquitto/config/mosquitto.conf.
1749216664: Opening ipv4 listen socket on port 1883.
1749216664: Opening ipv6 listen socket on port 1883.
1749216664: Opening websockets listen socket on port 9001.
1749216664: mosquitto version 2.0.18 running
1749216676: New connection from 172.19.0.5:33672 on port 1883.
1749216676: New client connected from 172.19.0.5:33672 as sensor_tracking_server (p2, c1, k60).
1749216676: No will message specified.
1749216676: Sending CONNACK to sensor_tracking_server (0, 0)
1749216676: Received SUBSCRIBE from sensor_tracking_server
1749216676: 	sensors/+/data (QoS 0)
1749216676: sensor_tracking_server 0 sensors/+/data
1749216676: Sending SUBACK to sensor_tracking_server
1749216676: Received SUBSCRIBE from sensor_tracking_server
1749216676: 	sensors/+/status (QoS 0)
1749216676: sensor_tracking_server 0 sensors/+/status
1749216676: Sending SUBACK to sensor_tracking_server
1749216736: Received PINGREQ from sensor_tracking_server
1749216736: Sending PINGRESP to sensor_tracking_server
1749216796: Received PINGREQ from sensor_tracking_server
1749216796: Sending PINGRESP to sensor_tracking_server
1749216856: Received PINGREQ from sensor_tracking_server
1749216856: Sending PINGRESP to sensor_tracking_server
1749216904: Client sensor_tracking_server closed its connection.
1749216904: mosquitto version 2.0.18 terminating
1749216904: Saving in-memory database to /mosquitto/data//mosquitto.db.
1749216916: mosquitto version 2.0.18 starting
1749216916: Config loaded from /mosquitto/config/mosquitto.conf.
1749216916: Opening ipv4 listen socket on port 1883.
1749216916: Opening ipv6 listen socket on port 1883.
1749216916: Opening websockets listen socket on port 9001.
1749216916: mosquitto version 2.0.18 running
1749216924: New connection from 172.19.0.5:51564 on port 1883.
1749216924: New client connected from 172.19.0.5:51564 as sensor_tracking_server (p2, c1, k60).
1749216924: No will message specified.
1749216924: Sending CONNACK to sensor_tracking_server (0, 0)
1749216924: Received SUBSCRIBE from sensor_tracking_server
1749216924: 	sensors/+/data (QoS 0)
1749216924: sensor_tracking_server 0 sensors/+/data
1749216924: Sending SUBACK to sensor_tracking_server
1749216924: Received SUBSCRIBE from sensor_tracking_server
1749216924: 	sensors/+/status (QoS 0)
1749216924: sensor_tracking_server 0 sensors/+/status
1749216924: Sending SUBACK to sensor_tracking_server
1749216984: Received PINGREQ from sensor_tracking_server
1749216984: Sending PINGRESP to sensor_tracking_server
1749217044: Received PINGREQ from sensor_tracking_server
1749217044: Sending PINGRESP to sensor_tracking_server
1749217104: Received PINGREQ from sensor_tracking_server
1749217104: Sending PINGRESP to sensor_tracking_server
1749217164: Received PINGREQ from sensor_tracking_server
1749217164: Sending PINGRESP to sensor_tracking_server
1749217224: Received PINGREQ from sensor_tracking_server
1749217224: Sending PINGRESP to sensor_tracking_server
1749217260: Client sensor_tracking_server closed its connection.
1749217260: mosquitto version 2.0.18 terminating
1749217260: Saving in-memory database to /mosquitto/data//mosquitto.db.
1749217698: mosquitto version 2.0.18 starting
1749217698: Config loaded from /mosquitto/config/mosquitto.conf.
1749217698: Opening ipv4 listen socket on port 1883.
1749217698: Opening ipv6 listen socket on port 1883.
1749217698: Opening websockets listen socket on port 9001.
1749217698: mosquitto version 2.0.18 running
1749217702: mosquitto version 2.0.18 terminating
1749217702: Saving in-memory database to /mosquitto/data//mosquitto.db.
1749218655: mosquitto version 2.0.18 starting
1749218655: Config loaded from /mosquitto/config/mosquitto.conf.
1749218655: Opening ipv4 listen socket on port 1883.
1749218655: Opening ipv6 listen socket on port 1883.
1749218655: Opening websockets listen socket on port 9001.
1749218655: mosquitto version 2.0.18 running
1749218666: New connection from 172.19.0.5:36420 on port 1883.
1749218666: New client connected from 172.19.0.5:36420 as sensor_tracking_server (p2, c1, k60).
1749218666: No will message specified.
1749218666: Sending CONNACK to sensor_tracking_server (0, 0)
1749218666: Received SUBSCRIBE from sensor_tracking_server
1749218666: 	sensors/+/data (QoS 0)
1749218666: sensor_tracking_server 0 sensors/+/data
1749218666: Sending SUBACK to sensor_tracking_server
1749218666: Received SUBSCRIBE from sensor_tracking_server
1749218666: 	sensors/+/status (QoS 0)
1749218666: sensor_tracking_server 0 sensors/+/status
1749218666: Sending SUBACK to sensor_tracking_server
1749218726: Received PINGREQ from sensor_tracking_server
1749218726: Sending PINGRESP to sensor_tracking_server
1749218786: Received PINGREQ from sensor_tracking_server
1749218786: Sending PINGRESP to sensor_tracking_server
1749218846: Received PINGREQ from sensor_tracking_server
1749218846: Sending PINGRESP to sensor_tracking_server
1749218906: Received PINGREQ from sensor_tracking_server
1749218906: Sending PINGRESP to sensor_tracking_server
1749218932: Client sensor_tracking_server closed its connection.
1749218933: mosquitto version 2.0.18 terminating
1749218933: Saving in-memory database to /mosquitto/data//mosquitto.db.
1749219001: mosquitto version 2.0.18 starting
1749219001: Config loaded from /mosquitto/config/mosquitto.conf.
1749219001: Opening ipv4 listen socket on port 1883.
1749219001: Opening ipv6 listen socket on port 1883.
1749219001: Opening websockets listen socket on port 9001.
1749219001: mosquitto version 2.0.18 running
1749219009: New connection from 172.19.0.5:48790 on port 1883.
1749219009: New client connected from 172.19.0.5:48790 as sensor_tracking_server (p2, c1, k60).
1749219009: No will message specified.
1749219009: Sending CONNACK to sensor_tracking_server (0, 0)
1749219009: Received SUBSCRIBE from sensor_tracking_server
1749219009: 	sensors/+/data (QoS 0)
1749219009: sensor_tracking_server 0 sensors/+/data
1749219009: Sending SUBACK to sensor_tracking_server
1749219009: Received SUBSCRIBE from sensor_tracking_server
1749219009: 	sensors/+/status (QoS 0)
1749219009: sensor_tracking_server 0 sensors/+/status
1749219009: Sending SUBACK to sensor_tracking_server
1749219069: Received PINGREQ from sensor_tracking_server
1749219069: Sending PINGRESP to sensor_tracking_server
1749219129: Received PINGREQ from sensor_tracking_server
1749219129: Sending PINGRESP to sensor_tracking_server
1749219189: Received PINGREQ from sensor_tracking_server
1749219189: Sending PINGRESP to sensor_tracking_server
1749219249: Received PINGREQ from sensor_tracking_server
1749219249: Sending PINGRESP to sensor_tracking_server
1749219309: Received PINGREQ from sensor_tracking_server
1749219309: Sending PINGRESP to sensor_tracking_server
1749219325: Client sensor_tracking_server closed its connection.
1749219326: mosquitto version 2.0.18 terminating
1749219326: Saving in-memory database to /mosquitto/data//mosquitto.db.
1749221533: mosquitto version 2.0.18 starting
1749221533: Config loaded from /mosquitto/config/mosquitto.conf.
1749221533: Opening ipv4 listen socket on port 1883.
1749221533: Opening ipv6 listen socket on port 1883.
1749221533: Opening websockets listen socket on port 9001.
1749221533: mosquitto version 2.0.18 running
1749221548: New connection from 172.18.0.5:45848 on port 1883.
1749221548: New client connected from 172.18.0.5:45848 as sensor_tracking_server (p2, c1, k60).
1749221548: No will message specified.
1749221548: Sending CONNACK to sensor_tracking_server (0, 0)
1749221548: Received SUBSCRIBE from sensor_tracking_server
1749221548: 	sensors/+/data (QoS 0)
1749221548: sensor_tracking_server 0 sensors/+/data
1749221548: Sending SUBACK to sensor_tracking_server
1749221548: Received SUBSCRIBE from sensor_tracking_server
1749221548: 	sensors/+/status (QoS 0)
1749221548: sensor_tracking_server 0 sensors/+/status
1749221548: Sending SUBACK to sensor_tracking_server
1749221608: Received PINGREQ from sensor_tracking_server
1749221608: Sending PINGRESP to sensor_tracking_server
1749221668: Received PINGREQ from sensor_tracking_server
1749221668: Sending PINGRESP to sensor_tracking_server
1749221728: Received PINGREQ from sensor_tracking_server
1749221728: Sending PINGRESP to sensor_tracking_server
1749221788: Received PINGREQ from sensor_tracking_server
1749221788: Sending PINGRESP to sensor_tracking_server
1749221848: Received PINGREQ from sensor_tracking_server
1749221848: Sending PINGRESP to sensor_tracking_server
1749221908: Received PINGREQ from sensor_tracking_server
1749221908: Sending PINGRESP to sensor_tracking_server
1749221968: Received PINGREQ from sensor_tracking_server
1749221968: Sending PINGRESP to sensor_tracking_server
1749221988: Client sensor_tracking_server closed its connection.
1749221989: mosquitto version 2.0.18 terminating
1749221989: Saving in-memory database to /mosquitto/data//mosquitto.db.
